# JRE version: Java(TM) SE Runtime Environment (13.0.1+9) (build 13.0.1+9)
# Java VM: Java HotSpot(TM) 64-Bit Server VM (13.0.1+9, mixed mode, sharing, tiered, compressed oops, g1 gc, windows-amd64)
Heap:
 garbage-first heap   total 262144K, used 36663K [0x0000000701200000, 0x0000000800000000)
  region size 1024K, 33 young (33792K), 2 survivors (2048K)
 Metaspace       used 15425K, capacity 15973K, committed 16256K, reserved 1062912K
  class space    used 1880K, capacity 2084K, committed 2176K, reserved 1048576K
GC Heap History (6 events):
Event: 0.595 GC heap before
{Heap before GC invocations=0 (full 0):
 garbage-first heap   total 262144K, used 14336K [0x0000000701200000, 0x0000000800000000)
  region size 1024K, 14 young (14336K), 0 survivors (0K)
 Metaspace       used 4024K, capacity 6446K, committed 6528K, reserved 1056768K
  class space    used 426K, capacity 640K, committed 640K, reserved 1048576K
}
Event: 0.598 GC heap after
{Heap after GC invocations=1 (full 0):
 garbage-first heap   total 262144K, used 3955K [0x0000000701200000, 0x0000000800000000)
  region size 1024K, 2 young (2048K), 2 survivors (2048K)
 Metaspace       used 4024K, capacity 6446K, committed 6528K, reserved 1056768K
  class space    used 426K, capacity 640K, committed 640K, reserved 1048576K
}
Event: 0.722 GC heap before
{Heap before GC invocations=1 (full 0):
 garbage-first heap   total 262144K, used 14195K [0x0000000701200000, 0x0000000800000000)
  region size 1024K, 12 young (12288K), 2 survivors (2048K)
 Metaspace       used 6419K, capacity 8044K, committed 8192K, reserved 1056768K
  class space    used 745K, capacity 924K, committed 1024K, reserved 1048576K
}
Event: 0.725 GC heap after
{Heap after GC invocations=2 (full 0):
 garbage-first heap   total 262144K, used 4810K [0x0000000701200000, 0x0000000800000000)
  region size 1024K, 1 young (1024K), 1 survivors (1024K)
 Metaspace       used 6419K, capacity 8044K, committed 8192K, reserved 1056768K
  class space    used 745K, capacity 924K, committed 1024K, reserved 1048576K
}
Event: 1.022 GC heap before
{Heap before GC invocations=2 (full 0):
 garbage-first heap   total 262144K, used 33482K [0x0000000701200000, 0x0000000800000000)
  region size 1024K, 29 young (29696K), 1 survivors (1024K)
 Metaspace       used 12852K, capacity 13632K, committed 13824K, reserved 1060864K
  class space    used 1565K, capacity 1734K, committed 1792K, reserved 1048576K
}
Event: 1.024 GC heap after
{Heap after GC invocations=3 (full 0):
 garbage-first heap   total 262144K, used 5943K [0x0000000701200000, 0x0000000800000000)
  region size 1024K, 2 young (2048K), 2 survivors (2048K)
 Metaspace       used 12852K, capacity 13632K, committed 13824K, reserved 1060864K
  class space    used 1565K, capacity 1734K, committed 1792K, reserved 1048576K
}

